{"/home/maziofweb3/cds/dripsRpos/stellar-tipjar-frontend/src/components/Button.tsx": {"path":"/home/maziofweb3/cds/dripsRpos/stellar-tipjar-frontend/src/components/Button.tsx","statementMap":{"0":{"start":{"line":9,"column":53},"end":{"line":16,"column":null}},"1":{"start":{"line":25,"column":2},"end":{"line":32,"column":null}}},"fnMap":{"0":{"name":"Button","decl":{"start":{"line":18,"column":16},"end":{"line":18,"column":23}},"loc":{"start":{"line":24,"column":16},"end":{"line":32,"column":null}},"line":24}},"branchMap":{"0":{"loc":{"start":{"line":20,"column":2},"end":{"line":20,"column":null}},"type":"default-arg","locations":[{"start":{"line":20,"column":14},"end":{"line":20,"column":null}}],"line":20},"1":{"loc":{"start":{"line":21,"column":2},"end":{"line":21,"column":null}},"type":"default-arg","locations":[{"start":{"line":21,"column":12},"end":{"line":21,"column":null}}],"line":21},"2":{"loc":{"start":{"line":22,"column":2},"end":{"line":22,"column":null}},"type":"default-arg","locations":[{"start":{"line":22,"column":9},"end":{"line":22,"column":null}}],"line":22}},"s":{"0":2,"1":20},"f":{"0":20},"b":{"0":[20],"1":[20],"2":[20]},"meta":{"lastBranch":3,"lastFunction":1,"lastStatement":2,"seen":{"s:9:53:16:Infinity":0,"f:18:16:18:23":0,"b:20:14:20:Infinity":0,"b:21:12:21:Infinity":1,"b:22:9:22:Infinity":2,"s:25:2:32:Infinity":1}}}
,"/home/maziofweb3/cds/dripsRpos/stellar-tipjar-frontend/src/components/Navbar.tsx": {"path":"/home/maziofweb3/cds/dripsRpos/stellar-tipjar-frontend/src/components/Navbar.tsx","statementMap":{"0":{"start":{"line":5,"column":17},"end":{"line":9,"column":null}},"1":{"start":{"line":12,"column":2},"end":{"line":31,"column":null}},"2":{"start":{"line":20,"column":12},"end":{"line":26,"column":null}}},"fnMap":{"0":{"name":"Navbar","decl":{"start":{"line":11,"column":16},"end":{"line":11,"column":25}},"loc":{"start":{"line":11,"column":25},"end":{"line":31,"column":null}},"line":11},"1":{"name":"(anonymous_1)","decl":{"start":{"line":19,"column":20},"end":{"line":19,"column":25}},"loc":{"start":{"line":20,"column":12},"end":{"line":26,"column":null}},"line":20}},"branchMap":{},"s":{"0":1,"1":13,"2":39},"f":{"0":13,"1":39},"b":{},"meta":{"lastBranch":0,"lastFunction":2,"lastStatement":3,"seen":{"s:5:17:9:Infinity":0,"f:11:16:11:25":0,"s:12:2:31:Infinity":1,"f:19:20:19:25":1,"s:20:12:26:Infinity":2}}}
,"/home/maziofweb3/cds/dripsRpos/stellar-tipjar-frontend/src/components/SectionCard.tsx": {"path":"/home/maziofweb3/cds/dripsRpos/stellar-tipjar-frontend/src/components/SectionCard.tsx","statementMap":{"0":{"start":{"line":10,"column":2},"end":{"line":16,"column":null}}},"fnMap":{"0":{"name":"SectionCard","decl":{"start":{"line":9,"column":16},"end":{"line":9,"column":28}},"loc":{"start":{"line":9,"column":76},"end":{"line":16,"column":null}},"line":9}},"branchMap":{},"s":{"0":10},"f":{"0":10},"b":{},"meta":{"lastBranch":0,"lastFunction":1,"lastStatement":1,"seen":{"f:9:16:9:28":0,"s:10:2:16:Infinity":0}}}
,"/home/maziofweb3/cds/dripsRpos/stellar-tipjar-frontend/src/components/WalletConnector.tsx": {"path":"/home/maziofweb3/cds/dripsRpos/stellar-tipjar-frontend/src/components/WalletConnector.tsx","statementMap":{"0":{"start":{"line":1,"column":0},"end":{"line":1,"column":null}},"1":{"start":{"line":7,"column":55},"end":{"line":7,"column":81}},"2":{"start":{"line":9,"column":2},"end":{"line":16,"column":null}},"3":{"start":{"line":10,"column":4},"end":{"line":16,"column":null}},"4":{"start":{"line":21,"column":2},"end":{"line":21,"column":null}}},"fnMap":{"0":{"name":"WalletConnector","decl":{"start":{"line":6,"column":16},"end":{"line":6,"column":34}},"loc":{"start":{"line":6,"column":34},"end":{"line":21,"column":null}},"line":6}},"branchMap":{"0":{"loc":{"start":{"line":9,"column":2},"end":{"line":16,"column":null}},"type":"if","locations":[{"start":{"line":9,"column":2},"end":{"line":16,"column":null}},{"start":{},"end":{}}],"line":9}},"s":{"0":1,"1":10,"2":10,"3":8,"4":2},"f":{"0":10},"b":{"0":[8,2]},"meta":{"lastBranch":1,"lastFunction":1,"lastStatement":5,"seen":{"s:1:0:1:Infinity":0,"f:6:16:6:34":0,"s:7:55:7:81":1,"b:9:2:16:Infinity:undefined:undefined:undefined:undefined":0,"s:9:2:16:Infinity":2,"s:10:4:16:Infinity":3,"s:21:2:21:Infinity":4}}}
,"/home/maziofweb3/cds/dripsRpos/stellar-tipjar-frontend/src/hooks/useWallet.ts": {"path":"/home/maziofweb3/cds/dripsRpos/stellar-tipjar-frontend/src/hooks/useWallet.ts","statementMap":{"0":{"start":{"line":1,"column":0},"end":{"line":1,"column":null}},"1":{"start":{"line":16,"column":16},"end":{"line":20,"column":4}},"2":{"start":{"line":22,"column":18},"end":{"line":28,"column":null}},"3":{"start":{"line":24,"column":4},"end":{"line":28,"column":null}},"4":{"start":{"line":24,"column":24},"end":{"line":28,"column":7}},"5":{"start":{"line":31,"column":8},"end":{"line":36,"column":null}},"6":{"start":{"line":32,"column":4},"end":{"line":36,"column":null}},"7":{"start":{"line":32,"column":24},"end":{"line":36,"column":7}},"8":{"start":{"line":39,"column":8},"end":{"line":42,"column":23}},"9":{"start":{"line":40,"column":4},"end":{"line":40,"column":null}},"10":{"start":{"line":40,"column":26},"end":{"line":40,"column":null}},"11":{"start":{"line":41,"column":4},"end":{"line":41,"column":null}},"12":{"start":{"line":44,"column":2},"end":{"line":49,"column":null}}},"fnMap":{"0":{"name":"useWallet","decl":{"start":{"line":15,"column":16},"end":{"line":15,"column":28}},"loc":{"start":{"line":15,"column":28},"end":{"line":49,"column":null}},"line":15},"1":{"name":"(anonymous_1)","decl":{"start":{"line":22,"column":18},"end":{"line":22,"column":30}},"loc":{"start":{"line":22,"column":30},"end":{"line":28,"column":null}},"line":22},"2":{"name":"(anonymous_2)","decl":{"start":{"line":24,"column":4},"end":{"line":24,"column":14}},"loc":{"start":{"line":24,"column":24},"end":{"line":28,"column":7}},"line":24},"3":{"name":"(anonymous_3)","decl":{"start":{"line":31,"column":8},"end":{"line":31,"column":27}},"loc":{"start":{"line":31,"column":27},"end":{"line":36,"column":null}},"line":31},"4":{"name":"(anonymous_4)","decl":{"start":{"line":32,"column":4},"end":{"line":32,"column":14}},"loc":{"start":{"line":32,"column":24},"end":{"line":36,"column":7}},"line":32},"5":{"name":"(anonymous_5)","decl":{"start":{"line":39,"column":23},"end":{"line":39,"column":37}},"loc":{"start":{"line":39,"column":37},"end":{"line":42,"column":6}},"line":39}},"branchMap":{"0":{"loc":{"start":{"line":19,"column":13},"end":{"line":19,"column":null}},"type":"binary-expr","locations":[{"start":{"line":19,"column":13},"end":{"line":19,"column":56}},{"start":{"line":19,"column":56},"end":{"line":19,"column":null}}],"line":19},"1":{"loc":{"start":{"line":40,"column":4},"end":{"line":40,"column":null}},"type":"if","locations":[{"start":{"line":40,"column":4},"end":{"line":40,"column":null}},{"start":{},"end":{}}],"line":40}},"s":{"0":1,"1":0,"2":0,"3":0,"4":0,"5":0,"6":0,"7":0,"8":0,"9":0,"10":0,"11":0,"12":0},"f":{"0":0,"1":0,"2":0,"3":0,"4":0,"5":0},"b":{"0":[0,0],"1":[0,0]},"meta":{"lastBranch":2,"lastFunction":6,"lastStatement":13,"seen":{"s:1:0:1:Infinity":0,"f:15:16:15:28":0,"s:16:16:20:4":1,"b:19:13:19:56:19:56:19:Infinity":0,"s:22:18:28:Infinity":2,"f:22:18:22:30":1,"s:24:4:28:Infinity":3,"f:24:4:24:14":2,"s:24:24:28:7":4,"s:31:8:36:Infinity":5,"f:31:8:31:27":3,"s:32:4:36:Infinity":6,"f:32:4:32:14":4,"s:32:24:36:7":7,"s:39:8:42:23":8,"f:39:23:39:37":5,"b:40:4:40:Infinity:undefined:undefined:undefined:undefined":1,"s:40:4:40:Infinity":9,"s:40:26:40:Infinity":10,"s:41:4:41:Infinity":11,"s:44:2:49:Infinity":12}}}
}
